--------------------------------------------------------------------------------
Release 14.7 Trace  (nt64)
Copyright (c) 1995-2013 Xilinx, Inc.  All rights reserved.

C:\Xilinx\14.7\ISE_DS\ISE\bin\nt64\unwrapped\trce.exe -intstyle ise -v 3 -s 3
-n 3 -fastpaths -xml main.twx main.ncd -o main.twr main.pcf -ucf main.ucf

Design file:              main.ncd
Physical constraint file: main.pcf
Device,package,speed:     xc6slx9,tqg144,C,-3 (PRODUCTION 1.23 2013-10-13)
Report level:             verbose report

Environment Variable      Effect 
--------------------      ------ 
NONE                      No environment variables were set
--------------------------------------------------------------------------------

INFO:Timing:2698 - No timing constraints found, doing default enumeration.
INFO:Timing:3412 - To improve timing, see the Timing Closure User Guide (UG612).
INFO:Timing:2752 - To get complete path coverage, use the unconstrained paths 
   option. All paths that are not constrained will be reported in the 
   unconstrained paths section(s) of the report.
INFO:Timing:3339 - The clock-to-out numbers in this timing report are based on 
   a 50 Ohm transmission line loading model.  For the details of this model, 
   and for more information on accounting for different loading conditions, 
   please see the device datasheet.



Data Sheet report:
-----------------
All values displayed in nanoseconds (ns)

Clock to Setup on destination clock CLK
---------------+---------+---------+---------+---------+
               | Src:Rise| Src:Fall| Src:Rise| Src:Fall|
Source Clock   |Dest:Rise|Dest:Rise|Dest:Fall|Dest:Fall|
---------------+---------+---------+---------+---------+
CLK            |    3.263|         |         |         |
---------------+---------+---------+---------+---------+

Pad to Pad
---------------+---------------+---------+
Source Pad     |Destination Pad|  Delay  |
---------------+---------------+---------+
A<0>           |O<0>           |   95.847|
A<0>           |O<1>           |   95.650|
A<0>           |O<2>           |   95.707|
A<0>           |O<3>           |   95.756|
A<0>           |O<4>           |   95.446|
A<0>           |O<5>           |   95.398|
A<0>           |O<6>           |   94.902|
A<1>           |O<0>           |   94.456|
A<1>           |O<1>           |   94.259|
A<1>           |O<2>           |   94.316|
A<1>           |O<3>           |   94.365|
A<1>           |O<4>           |   94.055|
A<1>           |O<5>           |   94.007|
A<1>           |O<6>           |   93.511|
A<2>           |O<0>           |   98.453|
A<2>           |O<1>           |   98.256|
A<2>           |O<2>           |   98.313|
A<2>           |O<3>           |   98.362|
A<2>           |O<4>           |   98.052|
A<2>           |O<5>           |   98.004|
A<2>           |O<6>           |   97.508|
A<3>           |O<0>           |   94.329|
A<3>           |O<1>           |   94.132|
A<3>           |O<2>           |   94.189|
A<3>           |O<3>           |   94.238|
A<3>           |O<4>           |   93.928|
A<3>           |O<5>           |   93.880|
A<3>           |O<6>           |   93.384|
ALU_MODE<0>    |O<0>           |   33.334|
ALU_MODE<0>    |O<1>           |   33.137|
ALU_MODE<0>    |O<2>           |   33.194|
ALU_MODE<0>    |O<3>           |   33.243|
ALU_MODE<0>    |O<4>           |   32.933|
ALU_MODE<0>    |O<5>           |   32.885|
ALU_MODE<0>    |O<6>           |   32.389|
ALU_MODE<1>    |O<0>           |   33.772|
ALU_MODE<1>    |O<1>           |   33.575|
ALU_MODE<1>    |O<2>           |   33.632|
ALU_MODE<1>    |O<3>           |   33.681|
ALU_MODE<1>    |O<4>           |   33.371|
ALU_MODE<1>    |O<5>           |   33.323|
ALU_MODE<1>    |O<6>           |   32.827|
ALU_MODE<2>    |O<0>           |   32.802|
ALU_MODE<2>    |O<1>           |   32.605|
ALU_MODE<2>    |O<2>           |   32.662|
ALU_MODE<2>    |O<3>           |   32.711|
ALU_MODE<2>    |O<4>           |   32.401|
ALU_MODE<2>    |O<5>           |   32.353|
ALU_MODE<2>    |O<6>           |   31.857|
ALU_MODE<3>    |O<0>           |   31.136|
ALU_MODE<3>    |O<1>           |   30.939|
ALU_MODE<3>    |O<2>           |   30.996|
ALU_MODE<3>    |O<3>           |   31.045|
ALU_MODE<3>    |O<4>           |   30.735|
ALU_MODE<3>    |O<5>           |   30.687|
ALU_MODE<3>    |O<6>           |   30.191|
B<0>           |O<0>           |  126.437|
B<0>           |O<1>           |  126.489|
B<0>           |O<2>           |  126.202|
B<0>           |O<3>           |  126.402|
B<0>           |O<4>           |  126.092|
B<0>           |O<5>           |  125.988|
B<0>           |O<6>           |  125.397|
B<1>           |O<0>           |  126.100|
B<1>           |O<1>           |  126.152|
B<1>           |O<2>           |  125.865|
B<1>           |O<3>           |  126.065|
B<1>           |O<4>           |  125.755|
B<1>           |O<5>           |  125.651|
B<1>           |O<6>           |  125.060|
B<2>           |O<0>           |  125.996|
B<2>           |O<1>           |  126.048|
B<2>           |O<2>           |  125.761|
B<2>           |O<3>           |  125.961|
B<2>           |O<4>           |  125.651|
B<2>           |O<5>           |  125.547|
B<2>           |O<6>           |  124.956|
B<3>           |O<0>           |  126.045|
B<3>           |O<1>           |  126.097|
B<3>           |O<2>           |  125.810|
B<3>           |O<3>           |  126.010|
B<3>           |O<4>           |  125.700|
B<3>           |O<5>           |  125.596|
B<3>           |O<6>           |  125.005|
---------------+---------------+---------+


Analysis completed Fri May 27 00:18:25 2022 
--------------------------------------------------------------------------------

Trace Settings:
-------------------------
Trace Settings 

Peak Memory Usage: 4628 MB



